#
# There is insufficient memory for the Java Runtime Environment to continue.
# Native memory allocation (malloc) failed to allocate 1025936 bytes for Chunk::new
# Possible reasons:
#   The system is out of physical RAM or swap space
#   The process is running with CompressedOops enabled, and the Java Heap may be blocking the growth of the native heap
# Possible solutions:
#   Reduce memory load on the system
#   Increase physical memory or swap space
#   Check if swap backing store is full
#   Decrease Java heap size (-Xmx/-Xms)
#   Decrease number of Java threads
#   Decrease Java thread stack sizes (-Xss)
#   Set larger code cache with -XX:ReservedCodeCacheSize=
#   JVM is running with Zero Based Compressed Oops mode in which the Java heap is
#     placed in the first 32GB address space. The Java Heap base address is the
#     maximum limit for the native heap growth. Please use -XX:HeapBaseMinAddress
#     to set the Java Heap base and to place the Java Heap above 32GB virtual address.
# This output file may be truncated or incomplete.
#
#  Out of Memory Error (allocation.cpp:389), pid=255288, tid=0x000000000003e494
#
# JRE version: Java(TM) SE Runtime Environment (8.0_211-b12) (build 1.8.0_211-b12)
# Java VM: Java HotSpot(TM) 64-Bit Server VM (25.211-b12 mixed mode windows-amd64 compressed oops)
# Failed to write core dump. Minidumps are not enabled by default on client versions of Windows
#

---------------  T H R E A D  ---------------

Current thread (0x000000001e92f800):  JavaThread "C2 CompilerThread2" daemon [_thread_in_native, id=255124, stack(0x000000001f400000,0x000000001f500000)]

Stack: [0x000000001f400000,0x000000001f500000]
[error occurred during error reporting (printing stack bounds), id 0xc0000005]

Native frames: (J=compiled Java code, j=interpreted, Vv=VM code, C=native code)


Current CompileTask:
C2:   6936 2439   !   4       org.codehaus.plexus.interpolation.StringSearchInterpolator::interpolate (650 bytes)


---------------  P R O C E S S  ---------------

Java Threads: ( => current thread )
  0x000000001e9cc000 JavaThread "Service Thread" daemon [_thread_blocked, id=255136, stack(0x000000001f600000,0x000000001f700000)]
  0x000000001e93a800 JavaThread "C1 CompilerThread3" daemon [_thread_blocked, id=255120, stack(0x000000001f500000,0x000000001f600000)]
=>0x000000001e92f800 JavaThread "C2 CompilerThread2" daemon [_thread_in_native, id=255124, stack(0x000000001f400000,0x000000001f500000)]
  0x000000001e929800 JavaThread "C2 CompilerThread1" daemon [_thread_in_native, id=255132, stack(0x000000001f300000,0x000000001f400000)]
  0x000000001e924800 JavaThread "C2 CompilerThread0" daemon [_thread_in_native, id=255128, stack(0x000000001f200000,0x000000001f300000)]
  0x000000001e919800 JavaThread "Monitor Ctrl-Break" daemon [_thread_in_native, id=255140, stack(0x000000001f100000,0x000000001f200000)]
  0x000000001e8a7000 JavaThread "Attach Listener" daemon [_thread_blocked, id=255896, stack(0x000000001f000000,0x000000001f100000)]
  0x000000001e8a5800 JavaThread "Signal Dispatcher" daemon [_thread_blocked, id=251380, stack(0x000000001ef00000,0x000000001f000000)]
  0x00000000030d9000 JavaThread "Finalizer" daemon [_thread_blocked, id=215240, stack(0x000000001ed70000,0x000000001ee70000)]
  0x000000001e890800 JavaThread "Reference Handler" daemon [_thread_blocked, id=254316, stack(0x000000001ec70000,0x000000001ed70000)]
  0x0000000002fe2800 JavaThread "main" [_thread_in_native, id=245072, stack(0x0000000002d80000,0x0000000002e80000)]

Other Threads:
  0x000000001caa9800 VMThread [stack: 0x000000001e770000,0x000000001e870000] [id=248824]
  0x000000001e9d0800 WatcherThread [stack: 0x000000001f700000,0x000000001f800000] [id=253316]

VM state:not at safepoint (normal execution)

VM Mutex/Monitor currently owned by a thread: None

heap address: 0x00000006c2200000, size: 4062 MB, Compressed Oops mode: Zero based, Oop shift amount: 3
Narrow klass base: 0x0000000000000000, Narrow klass shift: 3
Compressed class space size: 1073741824 Address: 0x00000007c0000000

Heap:
 PSYoungGen      total 75776K, used 20157K [0x000000076b600000, 0x0000000770a80000, 0x00000007c0000000)
  eden space 65024K, 16% used [0x000000076b600000,0x000000076c039a88,0x000000076f580000)
  from space 10752K, 90% used [0x0000000770000000,0x0000000770975ad8,0x0000000770a80000)
  to   space 10752K, 0% used [0x000000076f580000,0x000000076f580000,0x0000000770000000)
 ParOldGen       total 173568K, used 32K [0x00000006c2200000, 0x00000006ccb80000, 0x000000076b600000)
  object space 173568K, 0% used [0x00000006c2200000,0x00000006c2208000,0x00000006ccb80000)
 Metaspace       used 16013K, capacity 16398K, committed 16640K, reserved 1064960K
  class space    used 1914K, capacity 2012K, committed 2048K, reserved 1048576K

Card table byte_map: [0x00000000124a0000,0x0000000012c90000] byte_map_base: 0x000000000ee8f000

Marking Bits: (ParMarkBitMap*) 0x00000000595e5ce0
 Begin Bits: [0x00000000139e0000, 0x0000000017958000)
 End Bits:   [0x0000000017958000, 0x000000001b8d0000)

Polling page: 0x0000000000c00000

CodeCache: size=245760Kb used=8613Kb max_used=8613Kb free=237146Kb
 bounds [0x00000000030e0000, 0x0000000003960000, 0x00000000120e0000]
 total_blobs=2877 nmethods=2504 adapters=285
 compilation: enabled

Compilation events (10 events):
Event: 6.879 Thread 0x000000001e93a800 nmethod 2494 0x0000000003939e90 code [0x0000000003939fe0, 0x000000000393a0f0]
Event: 6.880 Thread 0x000000001e93a800 2495   !   3       org.codehaus.plexus.interpolation.StringSearchInterpolator::interpolate (53 bytes)
Event: 6.880 Thread 0x000000001e93a800 nmethod 2495 0x00000000039390d0 code [0x00000000039392a0, 0x0000000003939a08]
Event: 6.886 Thread 0x000000001e929800 nmethod 2486 0x00000000039370d0 code [0x0000000003937240, 0x00000000039377f8]
Event: 6.886 Thread 0x000000001e929800 2488       4       java.util.AbstractMap::<init> (5 bytes)
Event: 6.886 Thread 0x000000001e929800 nmethod 2488 0x00000000038a9450 code [0x00000000038a9580, 0x00000000038a95d8]
Event: 6.896 Thread 0x000000001e93a800 2496   !   3       org.apache.maven.model.Reporting::clone (137 bytes)
Event: 6.897 Thread 0x000000001e929800 2497       4       java.util.regex.Pattern$Ctype::isSatisfiedBy (24 bytes)
Event: 6.898 Thread 0x000000001e929800 nmethod 2497 0x000000000393f9d0 code [0x000000000393fb20, 0x000000000393fbf8]
Event: 6.898 Thread 0x000000001e929800 2498       4       org.eclipse.aether.artifact.DefaultArtifact::emptify (11 bytes)

GC Heap History (4 events):
Event: 4.340 GC heap before
{Heap before GC invocations=1 (full 0):
 PSYoungGen      total 75776K, used 65024K [0x000000076b600000, 0x0000000770a80000, 0x00000007c0000000)
  eden space 65024K, 100% used [0x000000076b600000,0x000000076f580000,0x000000076f580000)
  from space 10752K, 0% used [0x0000000770000000,0x0000000770000000,0x0000000770a80000)
  to   space 10752K, 0% used [0x000000076f580000,0x000000076f580000,0x0000000770000000)
 ParOldGen       total 173568K, used 0K [0x00000006c2200000, 0x00000006ccb80000, 0x000000076b600000)
  object space 173568K, 0% used [0x00000006c2200000,0x00000006c2200000,0x00000006ccb80000)
 Metaspace       used 11314K, capacity 11568K, committed 11776K, reserved 1058816K
  class space    used 1376K, capacity 1449K, committed 1536K, reserved 1048576K
Event: 4.352 GC heap after
Heap after GC invocations=1 (full 0):
 PSYoungGen      total 75776K, used 8958K [0x000000076b600000, 0x0000000770a80000, 0x00000007c0000000)
  eden space 65024K, 0% used [0x000000076b600000,0x000000076b600000,0x000000076f580000)
  from space 10752K, 83% used [0x000000076f580000,0x000000076fe3f830,0x0000000770000000)
  to   space 10752K, 0% used [0x0000000770000000,0x0000000770000000,0x0000000770a80000)
 ParOldGen       total 173568K, used 16K [0x00000006c2200000, 0x00000006ccb80000, 0x000000076b600000)
  object space 173568K, 0% used [0x00000006c2200000,0x00000006c2204000,0x00000006ccb80000)
 Metaspace       used 11314K, capacity 11568K, committed 11776K, reserved 1058816K
  class space    used 1376K, capacity 1449K, committed 1536K, reserved 1048576K
}
Event: 6.445 GC heap before
{Heap before GC invocations=2 (full 0):
 PSYoungGen      total 75776K, used 73982K [0x000000076b600000, 0x0000000770a80000, 0x00000007c0000000)
  eden space 65024K, 100% used [0x000000076b600000,0x000000076f580000,0x000000076f580000)
  from space 10752K, 83% used [0x000000076f580000,0x000000076fe3f830,0x0000000770000000)
  to   space 10752K, 0% used [0x0000000770000000,0x0000000770000000,0x0000000770a80000)
 ParOldGen       total 173568K, used 16K [0x00000006c2200000, 0x00000006ccb80000, 0x000000076b600000)
  object space 173568K, 0% used [0x00000006c2200000,0x00000006c2204000,0x00000006ccb80000)
 Metaspace       used 15927K, capacity 16270K, committed 16384K, reserved 1062912K
  class space    used 1914K, capacity 2012K, committed 2048K, reserved 1048576K
Event: 6.457 GC heap after
Heap after GC invocations=2 (full 0):
 PSYoungGen      total 75776K, used 9686K [0x000000076b600000, 0x0000000770a80000, 0x00000007c0000000)
  eden space 65024K, 0% used [0x000000076b600000,0x000000076b600000,0x000000076f580000)
  from space 10752K, 90% used [0x0000000770000000,0x0000000770975ad8,0x0000000770a80000)
  to   space 10752K, 0% used [0x000000076f580000,0x000000076f580000,0x0000000770000000)
 ParOldGen       total 173568K, used 32K [0x00000006c2200000, 0x00000006ccb80000, 0x000000076b600000)
  object space 173568K, 0% used [0x00000006c2200000,0x00000006c2208000,0x00000006ccb80000)
 Metaspace       used 15927K, capacity 16270K, committed 16384K, reserved 1062912K
  class space    used 1914K, capacity 2012K, committed 2048K, reserved 1048576K
}

Deoptimization events (10 events):
Event: 6.854 Thread 0x0000000002fe2800 Uncommon trap: reason=bimorphic action=maybe_recompile pc=0x000000000389ad2c method=java.util.regex.Pattern$Slice.match(Ljava/util/regex/Matcher;ILjava/lang/CharSequence;)Z @ 75
Event: 6.854 Thread 0x0000000002fe2800 Uncommon trap: reason=unstable_if action=reinterpret pc=0x000000000389a954 method=java.util.regex.Matcher.search(I)Z @ 30
Event: 6.855 Thread 0x0000000002fe2800 Uncommon trap: reason=class_check action=maybe_recompile pc=0x00000000037da2dc method=java.util.regex.Pattern$7.isSatisfiedBy(I)Z @ 16
Event: 6.855 Thread 0x0000000002fe2800 Uncommon trap: reason=class_check action=maybe_recompile pc=0x00000000037da2dc method=java.util.regex.Pattern$7.isSatisfiedBy(I)Z @ 16
Event: 6.855 Thread 0x0000000002fe2800 Uncommon trap: reason=class_check action=maybe_recompile pc=0x00000000037da2ec method=java.util.regex.Pattern$CharProperty$1.isSatisfiedBy(I)Z @ 5
Event: 6.855 Thread 0x0000000002fe2800 Uncommon trap: reason=class_check action=maybe_recompile pc=0x00000000037da2dc method=java.util.regex.Pattern$7.isSatisfiedBy(I)Z @ 16
Event: 6.855 Thread 0x0000000002fe2800 Uncommon trap: reason=class_check action=maybe_recompile pc=0x00000000037da2dc method=java.util.regex.Pattern$7.isSatisfiedBy(I)Z @ 16
Event: 6.856 Thread 0x0000000002fe2800 Uncommon trap: reason=class_check action=maybe_recompile pc=0x00000000037d67f8 method=java.util.regex.Pattern$CharProperty$1.isSatisfiedBy(I)Z @ 5
Event: 6.856 Thread 0x0000000002fe2800 Uncommon trap: reason=class_check action=maybe_recompile pc=0x00000000037d67f8 method=java.util.regex.Pattern$CharProperty$1.isSatisfiedBy(I)Z @ 5
Event: 6.856 Thread 0x0000000002fe2800 Uncommon trap: reason=class_check action=maybe_recompile pc=0x00000000037d67f8 method=java.util.regex.Pattern$CharProperty$1.isSatisfiedBy(I)Z @ 5

Classes redefined (0 events):
No events

Internal exceptions (10 events):
Event: 4.051 Thread 0x0000000002fe2800 Exception <a 'java/lang/ArrayIndexOutOfBoundsException'> (0x000000076dd35958) thrown at [C:\re\workspace\8-2-build-windows-amd64-cygwin\jdk8u211\12973\hotspot\src\share\vm\runtime\sharedRuntime.cpp, line 605]
Event: 4.052 Thread 0x0000000002fe2800 Exception <a 'java/lang/ArrayIndexOutOfBoundsException'> (0x000000076dd3a2b8) thrown at [C:\re\workspace\8-2-build-windows-amd64-cygwin\jdk8u211\12973\hotspot\src\share\vm\runtime\sharedRuntime.cpp, line 605]
Event: 4.108 Thread 0x0000000002fe2800 Exception <a 'java/lang/ArrayIndexOutOfBoundsException': 66> (0x000000076e000e00) thrown at [C:\re\workspace\8-2-build-windows-amd64-cygwin\jdk8u211\12973\hotspot\src\share\vm\interpreter\interpreterRuntime.cpp, line 368]
Event: 4.697 Thread 0x0000000002fe2800 Exception <a 'java/lang/NoClassDefFoundError': com/google/inject/servlet/ServletModuleTargetVisitor> (0x000000076cafc090) thrown at [C:\re\workspace\8-2-build-windows-amd64-cygwin\jdk8u211\12973\hotspot\src\share\vm\classfile\systemDictionary.cpp, line 19
Event: 4.697 Thread 0x0000000002fe2800 Exception <a 'java/lang/NoClassDefFoundError'> (0x000000076cafc090) thrown at [C:\re\workspace\8-2-build-windows-amd64-cygwin\jdk8u211\12973\hotspot\src\share\vm\prims\jvm.cpp, line 1506]
Event: 4.697 Thread 0x0000000002fe2800 Exception <a 'java/lang/NoClassDefFoundError': javax/annotation/Priority> (0x000000076cb00e70) thrown at [C:\re\workspace\8-2-build-windows-amd64-cygwin\jdk8u211\12973\hotspot\src\share\vm\classfile\systemDictionary.cpp, line 199]
Event: 4.790 Thread 0x0000000002fe2800 Implicit null exception at 0x000000000328c198 to 0x000000000328c375
Event: 5.274 Thread 0x0000000002fe2800 Implicit null exception at 0x00000000034bf695 to 0x00000000034bf899
Event: 5.274 Thread 0x0000000002fe2800 Implicit null exception at 0x0000000003533faf to 0x0000000003534019
Event: 5.332 Thread 0x0000000002fe2800 Implicit null exception at 0x00000000036f5283 to 0x00000000036f54cd

Events (10 events):
Event: 6.855 Thread 0x0000000002fe2800 DEOPT UNPACKING pc=0x000000000312583b sp=0x0000000002e7ce50 mode 2
Event: 6.855 Thread 0x0000000002fe2800 Uncommon trap: trap_request=0xffffffde fr.pc=0x00000000037d67f8
Event: 6.856 Thread 0x0000000002fe2800 DEOPT PACKING pc=0x00000000037d67f8 sp=0x0000000002e7cde0
Event: 6.856 Thread 0x0000000002fe2800 DEOPT UNPACKING pc=0x000000000312583b sp=0x0000000002e7cd80 mode 2
Event: 6.856 Thread 0x0000000002fe2800 Uncommon trap: trap_request=0xffffffde fr.pc=0x00000000037d67f8
Event: 6.856 Thread 0x0000000002fe2800 DEOPT PACKING pc=0x00000000037d67f8 sp=0x0000000002e7cdf0
Event: 6.856 Thread 0x0000000002fe2800 DEOPT UNPACKING pc=0x000000000312583b sp=0x0000000002e7cd90 mode 2
Event: 6.856 Thread 0x0000000002fe2800 Uncommon trap: trap_request=0xffffffde fr.pc=0x00000000037d67f8
Event: 6.856 Thread 0x0000000002fe2800 DEOPT PACKING pc=0x00000000037d67f8 sp=0x0000000002e7cdf0
Event: 6.856 Thread 0x0000000002fe2800 DEOPT UNPACKING pc=0x000000000312583b sp=0x0000000002e7cd90 mode 2


Dynamic libraries:
0x00007ff6f7c60000 - 0x00007ff6f7c97000 	C:\Program Files\Java\jdk1.8.0_211\bin\java.exe
0x00007ffcbf330000 - 0x00007ffcbf51d000 	C:\windows\SYSTEM32\ntdll.dll
0x00007ffcbe520000 - 0x00007ffcbe5d3000 	C:\windows\System32\KERNEL32.DLL
0x00007ffcbbdc0000 - 0x00007ffcbc053000 	C:\windows\System32\KERNELBASE.dll
0x00007ffcbefd0000 - 0x00007ffcbf073000 	C:\windows\System32\ADVAPI32.dll
0x00007ffcbee60000 - 0x00007ffcbeefe000 	C:\windows\System32\msvcrt.dll
0x00007ffcbea00000 - 0x00007ffcbea9e000 	C:\windows\System32\sechost.dll
0x00007ffcbeba0000 - 0x00007ffcbecc2000 	C:\windows\System32\RPCRT4.dll
0x00007ffcbf0b0000 - 0x00007ffcbf247000 	C:\windows\System32\USER32.dll
0x00007ffcbc390000 - 0x00007ffcbc3b0000 	C:\windows\System32\win32u.dll
0x00007ffcbf080000 - 0x00007ffcbf0a9000 	C:\windows\System32\GDI32.dll
0x00007ffcbc3b0000 - 0x00007ffcbc549000 	C:\windows\System32\gdi32full.dll
0x00007ffcbc240000 - 0x00007ffcbc2e0000 	C:\windows\System32\msvcp_win.dll
0x00007ffcbb3f0000 - 0x00007ffcbb4ea000 	C:\windows\System32\ucrtbase.dll
0x00007ffcad420000 - 0x00007ffcad699000 	C:\windows\WinSxS\amd64_microsoft.windows.common-controls_6595b64144ccf1df_6.0.17763.973_none_05b245900721eb81\COMCTL32.dll
0x00007ffcbe600000 - 0x00007ffcbe92c000 	C:\windows\System32\combase.dll
0x00007ffcbb4f0000 - 0x00007ffcbb56e000 	C:\windows\System32\bcryptPrimitives.dll
0x00007ffcbecd0000 - 0x00007ffcbecfe000 	C:\windows\System32\IMM32.DLL
0x0000000059f10000 - 0x0000000059fe2000 	C:\Program Files\Java\jdk1.8.0_211\jre\bin\msvcr100.dll
0x0000000058dc0000 - 0x0000000059665000 	C:\Program Files\Java\jdk1.8.0_211\jre\bin\server\jvm.dll
0x00007ffcbeb90000 - 0x00007ffcbeb98000 	C:\windows\System32\PSAPI.DLL
0x00007ffcaae20000 - 0x00007ffcaae44000 	C:\windows\SYSTEM32\WINMM.dll
0x00007ffcb11a0000 - 0x00007ffcb11aa000 	C:\windows\SYSTEM32\VERSION.dll
0x00007ffca7600000 - 0x00007ffca7609000 	C:\windows\SYSTEM32\WSOCK32.dll
0x00007ffcbeaa0000 - 0x00007ffcbeb0d000 	C:\windows\System32\WS2_32.dll
0x00007ffcaadf0000 - 0x00007ffcaae1d000 	C:\windows\SYSTEM32\WINMMBASE.dll
0x00007ffcbc340000 - 0x00007ffcbc38a000 	C:\windows\System32\cfgmgr32.dll
0x00007ffcb88e0000 - 0x00007ffcb88ef000 	C:\Program Files\Java\jdk1.8.0_211\jre\bin\verify.dll
0x00007ffcb77f0000 - 0x00007ffcb7819000 	C:\Program Files\Java\jdk1.8.0_211\jre\bin\java.dll
0x00007ffcb77c0000 - 0x00007ffcb77e3000 	C:\Program Files\Java\jdk1.8.0_211\jre\bin\instrument.dll
0x00007ffcb81b0000 - 0x00007ffcb81c6000 	C:\Program Files\Java\jdk1.8.0_211\jre\bin\zip.dll
0x00007ffcbc550000 - 0x00007ffcbda44000 	C:\windows\System32\SHELL32.dll
0x00007ffcbf250000 - 0x00007ffcbf2f8000 	C:\windows\System32\shcore.dll
0x00007ffcbb620000 - 0x00007ffcbbd6d000 	C:\windows\System32\windows.storage.dll
0x00007ffcbb340000 - 0x00007ffcbb364000 	C:\windows\System32\profapi.dll
0x00007ffcbb370000 - 0x00007ffcbb3cd000 	C:\windows\System32\powrprof.dll
0x00007ffcbdc70000 - 0x00007ffcbdcc2000 	C:\windows\System32\shlwapi.dll
0x00007ffcbb3d0000 - 0x00007ffcbb3e1000 	C:\windows\System32\kernel.appcore.dll
0x00007ffcbbda0000 - 0x00007ffcbbdb7000 	C:\windows\System32\cryptsp.dll
0x00007ffcb7530000 - 0x00007ffcb754a000 	C:\Program Files\JetBrains\IntelliJ IDEA 2019.3.1\bin\breakgen64.dll
0x00007ffcb74c0000 - 0x00007ffcb74da000 	C:\Program Files\Java\jdk1.8.0_211\jre\bin\net.dll
0x00007ffca1460000 - 0x00007ffca1637000 	C:\windows\SYSTEM32\urlmon.dll
0x00007ffca5820000 - 0x00007ffca5ac8000 	C:\windows\SYSTEM32\iertutil.dll
0x00007ffcbad60000 - 0x00007ffcbad6c000 	C:\windows\SYSTEM32\CRYPTBASE.DLL
0x00007ffcbab90000 - 0x00007ffcbabf7000 	C:\windows\system32\mswsock.dll
0x00007ffcba710000 - 0x00007ffcba743000 	C:\windows\system32\rsaenh.dll
0x00007ffcbbd70000 - 0x00007ffcbbd96000 	C:\windows\System32\bcrypt.dll
0x00007ffcbb220000 - 0x00007ffcbb248000 	C:\windows\SYSTEM32\USERENV.dll
0x00007ffcba8b0000 - 0x00007ffcba8ed000 	C:\windows\SYSTEM32\IPHLPAPI.DLL
0x00007ffcbe490000 - 0x00007ffcbe498000 	C:\windows\System32\NSI.dll
0x00007ffcb2330000 - 0x00007ffcb2346000 	C:\windows\SYSTEM32\dhcpcsvc6.DLL
0x00007ffcb2ab0000 - 0x00007ffcb2acc000 	C:\windows\SYSTEM32\dhcpcsvc.DLL
0x00007ffcba8f0000 - 0x00007ffcba9b6000 	C:\windows\SYSTEM32\DNSAPI.dll
0x00007ffcb7380000 - 0x00007ffcb7392000 	C:\Program Files\Java\jdk1.8.0_211\jre\bin\nio.dll
0x00007ffcb8600000 - 0x00007ffcb860a000 	C:\Users\ttagg\AppData\Local\Temp\jansi-1.17.1-5312488223255217794.dll
0x00007ffcb85d0000 - 0x00007ffcb85da000 	C:\Users\ttagg\AppData\Local\Temp\jansi-1.17.1-5970525190254700118.dll

VM Arguments:
jvm_args: -Dmaven.multiModuleProjectDirectory=D:\restapi\onejoylife -Dmaven.home=D:\apache-maven-3.6.0 -Dclassworlds.conf=D:\apache-maven-3.6.0\bin\m2.conf -Dmaven.ext.class.path=C:\Program Files\JetBrains\IntelliJ IDEA 2019.3.1\plugins\maven\lib\maven-event-listener.jar -javaagent:C:\Program Files\JetBrains\IntelliJ IDEA 2019.3.1\lib\idea_rt.jar=63428:C:\Program Files\JetBrains\IntelliJ IDEA 2019.3.1\bin -Dfile.encoding=UTF-8 
java_command: org.codehaus.classworlds.Launcher -Didea.version2019.3.1 -s D:\apache-maven-3.6.0\conf\settings.xml compile
java_class_path (initial): D:\apache-maven-3.6.0\boot\plexus-classworlds-2.6.0.jar;C:\Program Files\JetBrains\IntelliJ IDEA 2019.3.1\lib\idea_rt.jar
Launcher Type: SUN_STANDARD

Environment Variables:
JAVA_HOME=C:\Program Files\Java\jdk1.8.0_211
PATH=C:\Program Files (x86)\NAT Service;C:\Program Files (x86)\NetSarang\Xftp 6\;C:\Program Files (x86)\NetSarang\Xshell 6\;C:\Program Files (x86)\Common Files\Oracle\Java\javapath;C:\Program Files (x86)\Intel\Intel(R) Management Engine Components\iCLS\;C:\Program Files\Intel\Intel(R) Management Engine Components\iCLS\;C:\windows\system32;C:\windows;C:\windows\System32\Wbem;C:\windows\System32\WindowsPowerShell\v1.0\;C:\windows\System32\OpenSSH\;C:\Program Files (x86)\NVIDIA Corporation\PhysX\Common;C:\Program Files\NVIDIA Corporation\NVIDIA NvDLISR;C:\Program Files\Intel\WiFi\bin\;C:\Program Files\Common Files\Intel\WirelessCommon\;C:\Program Files (x86)\Intel\Intel(R) Management Engine Components\DAL;C:\Program Files\Intel\Intel(R) Management Engine Components\DAL;C:\Program Files\VisualSVN Server\bin;C:\Program Files\Java\jdk1.8.0_211\bin;D:\Git\cmd;D:\Python\Scripts\;D:\Python\;D:\egov\jeus6\bin;D:\egov\jeus6\lib\system;D:\egov\jeus6\webserver\bin;C:\Users\ttagg\AppData\Local\Microsoft\WindowsApps;C:\Program Files\Bandizip\
USERNAME=ttagg
OS=Windows_NT
PROCESSOR_IDENTIFIER=Intel64 Family 6 Model 142 Stepping 11, GenuineIntel



---------------  S Y S T E M  ---------------

OS: Windows 10.0 , 64 bit Build 17763 (10.0.17763.475)

CPU:total 8 (initial active 8) (4 cores per cpu, 2 threads per core) family 6 model 142 stepping 11, cmov, cx8, fxsr, mmx, sse, sse2, sse3, ssse3, sse4.1, sse4.2, popcnt, avx, avx2, aes, clmul, erms, 3dnowpref, lzcnt, ht, tsc, tscinvbit, bmi1, bmi2, adx

Memory: 4k page, physical 16630612k(721748k free), swap 29737808k(4508k free)

vm_info: Java HotSpot(TM) 64-Bit Server VM (25.211-b12) for windows-amd64 JRE (1.8.0_211-b12), built on Apr  1 2019 20:53:26 by "java_re" with MS VC++ 10.0 (VS2010)

time: Tue Jan 21 03:54:23 2020
timezone: 대한민국 표준시
elapsed time: 6 seconds (0d 0h 0m 6s)

